<?xml version="1.0" encoding="UTF-8" ?>
<testsuite errors="0" failures="0" hostname="MacKico.local" name="itexto.odfeasy.spreadsheet.SpreadsheetDocumentTest" tests="1" time="5.061" timestamp="2008-09-28T21:14:53">
  <properties>
[...]
</properties>
  <testcase classname="itexto.odfeasy.spreadsheet.SpreadsheetDocumentTest" name="testSetSheet" time="4.801" />
  <system-out><![CDATA[setSheet
path:META-INF/manifest.xml
path:content.xml
path:styles.xml
]]></system-out>
  <system-err><![CDATA[]]></system-err>
</testsuite>
